-------------------------------------------------------------------------------
Test set: ru.sbrf.apiBaristaTest.ApiBaristaRestTest
-------------------------------------------------------------------------------
Tests run: 3, Failures: 0, Errors: 3, Skipped: 0, Time elapsed: 6.32 s <<< FAILURE! - in ru.sbrf.apiBaristaTest.ApiBaristaRestTest
addCoffeeBeans(ru.sbrf.apiBaristaTest.ApiBaristaRestTest)  Time elapsed: 0.005 s  <<< ERROR!
java.lang.IllegalStateException: Failed to load ApplicationContext
Caused by: org.springframework.context.ApplicationContextException: Failed to start bean 'webServerStartStop'; nested exception is org.springframework.boot.web.server.PortInUseException: Port 8080 is already in use
Caused by: org.springframework.boot.web.server.PortInUseException: Port 8080 is already in use
Caused by: java.lang.IllegalArgumentException: standardService.connector.startFailed
Caused by: org.apache.catalina.LifecycleException: Protocol handler start failed
Caused by: java.net.BindException: Address already in use

addWaterTest(ru.sbrf.apiBaristaTest.ApiBaristaRestTest)  Time elapsed: 0 s  <<< ERROR!
java.lang.IllegalStateException: Failed to load ApplicationContext
Caused by: org.springframework.context.ApplicationContextException: Failed to start bean 'webServerStartStop'; nested exception is org.springframework.boot.web.server.PortInUseException: Port 8080 is already in use
Caused by: org.springframework.boot.web.server.PortInUseException: Port 8080 is already in use
Caused by: java.lang.IllegalArgumentException: standardService.connector.startFailed
Caused by: org.apache.catalina.LifecycleException: Protocol handler start failed
Caused by: java.net.BindException: Address already in use

CoffeeTest(ru.sbrf.apiBaristaTest.ApiBaristaRestTest)  Time elapsed: 0 s  <<< ERROR!
java.lang.IllegalStateException: Failed to load ApplicationContext
Caused by: org.springframework.context.ApplicationContextException: Failed to start bean 'webServerStartStop'; nested exception is org.springframework.boot.web.server.PortInUseException: Port 8080 is already in use
Caused by: org.springframework.boot.web.server.PortInUseException: Port 8080 is already in use
Caused by: java.lang.IllegalArgumentException: standardService.connector.startFailed
Caused by: org.apache.catalina.LifecycleException: Protocol handler start failed
Caused by: java.net.BindException: Address already in use

